This file contains any messages produced by compilers while
running configure, to aid debugging if configure makes a mistake.

It was created by configure, which was
generated by GNU Autoconf 2.69.  Invocation command line was

  $ ../configure 

## --------- ##
## Platform. ##
## --------- ##

hostname = farwila-VirtualBox
uname -m = x86_64
uname -r = 5.4.0-58-generic
uname -s = Linux
uname -v = #64-Ubuntu SMP Wed Dec 9 08:16:25 UTC 2020

/usr/bin/uname -p = x86_64
/bin/uname -X     = unknown

/bin/arch              = x86_64
/usr/bin/arch -k       = unknown
/usr/convex/getsysinfo = unknown
/usr/bin/hostinfo      = unknown
/bin/machine           = unknown
/usr/bin/oslevel       = unknown
/bin/universe          = unknown

PATH: /usr/local/sbin
PATH: /usr/local/bin
PATH: /usr/sbin
PATH: /usr/bin
PATH: /sbin
PATH: /bin
PATH: /usr/games
PATH: /usr/local/games
PATH: /snap/bin


## ----------- ##
## Core tests. ##
## ----------- ##

configure:2545: checking build system type
configure:2559: result: x86_64-pc-linux-gnu
configure:2579: checking host system type
configure:2592: result: x86_64-pc-linux-gnu
configure:2663: checking for gcc
configure:2679: found /usr/bin/gcc
configure:2690: result: gcc
configure:2919: checking for C compiler version
configure:2928: gcc --version >&5
gcc (Ubuntu 9.3.0-17ubuntu1~20.04) 9.3.0
Copyright (C) 2019 Free Software Foundation, Inc.
This is free software; see the source for copying conditions.  There is NO
warranty; not even for MERCHANTABILITY or FITNESS FOR A PARTICULAR PURPOSE.

configure:2939: $? = 0
configure:2928: gcc -v >&5
Using built-in specs.
COLLECT_GCC=gcc
COLLECT_LTO_WRAPPER=/usr/lib/gcc/x86_64-linux-gnu/9/lto-wrapper
OFFLOAD_TARGET_NAMES=nvptx-none:hsa
OFFLOAD_TARGET_DEFAULT=1
Target: x86_64-linux-gnu
Configured with: ../src/configure -v --with-pkgversion='Ubuntu 9.3.0-17ubuntu1~20.04' --with-bugurl=file:///usr/share/doc/gcc-9/README.Bugs --enable-languages=c,ada,c++,go,brig,d,fortran,objc,obj-c++,gm2 --prefix=/usr --with-gcc-major-version-only --program-suffix=-9 --program-prefix=x86_64-linux-gnu- --enable-shared --enable-linker-build-id --libexecdir=/usr/lib --without-included-gettext --enable-threads=posix --libdir=/usr/lib --enable-nls --enable-clocale=gnu --enable-libstdcxx-debug --enable-libstdcxx-time=yes --with-default-libstdcxx-abi=new --enable-gnu-unique-object --disable-vtable-verify --enable-plugin --enable-default-pie --with-system-zlib --with-target-system-zlib=auto --enable-objc-gc=auto --enable-multiarch --disable-werror --with-arch-32=i686 --with-abi=m64 --with-multilib-list=m32,m64,mx32 --enable-multilib --with-tune=generic --enable-offload-targets=nvptx-none=/build/gcc-9-HskZEa/gcc-9-9.3.0/debian/tmp-nvptx/usr,hsa --without-cuda-driver --enable-checking=release --build=x86_64-linux-gnu --host=x86_64-linux-gnu --target=x86_64-linux-gnu
Thread model: posix
gcc version 9.3.0 (Ubuntu 9.3.0-17ubuntu1~20.04) 
configure:2939: $? = 0
configure:2928: gcc -V >&5
gcc: error: unrecognized command line option '-V'
gcc: fatal error: no input files
compilation terminated.
configure:2939: $? = 1
configure:2928: gcc -qversion >&5
gcc: error: unrecognized command line option '-qversion'; did you mean '--version'?
gcc: fatal error: no input files
compilation terminated.
configure:2939: $? = 1
configure:2959: checking whether the C compiler works
configure:2981: gcc    conftest.c  >&5
configure:2985: $? = 0
configure:3033: result: yes
configure:3036: checking for C compiler default output file name
configure:3038: result: a.out
configure:3044: checking for suffix of executables
configure:3051: gcc -o conftest    conftest.c  >&5
configure:3055: $? = 0
configure:3077: result: 
configure:3099: checking whether we are cross compiling
configure:3107: gcc -o conftest    conftest.c  >&5
configure:3111: $? = 0
configure:3118: ./conftest
configure:3122: $? = 0
configure:3110: result: no
configure:3115: checking for suffix of object files
configure:3137: gcc -c   conftest.c >&5
configure:3141: $? = 0
configure:3162: result: o
configure:3166: checking whether we are using the GNU C compiler
configure:3185: gcc -c   conftest.c >&5
configure:3185: $? = 0
configure:3194: result: yes
configure:3203: checking whether gcc accepts -g
configure:3223: gcc -c -g  conftest.c >&5
configure:3223: $? = 0
configure:3264: result: yes
configure:3281: checking for gcc option to accept ISO C89
configure:3344: gcc  -c -g -O2  conftest.c >&5
configure:3344: $? = 0
configure:3357: result: none needed
configure:3382: checking whether gcc understands -c and -o together
configure:3404: gcc -c conftest.c -o conftest2.o
configure:3407: $? = 0
configure:3404: gcc -c conftest.c -o conftest2.o
configure:3407: $? = 0
configure:3419: result: yes
configure:3436: checking for a sed that does not truncate output
configure:3500: result: /usr/bin/sed
configure:3518: checking for grep that handles long lines and -e
configure:3576: result: /usr/bin/grep
configure:3581: checking for egrep
configure:3643: result: /usr/bin/grep -E
configure:3648: checking for fgrep
configure:3710: result: /usr/bin/grep -F
configure:3745: checking for ld used by gcc
configure:3812: result: /usr/bin/ld
configure:3819: checking if the linker (/usr/bin/ld) is GNU ld
configure:3834: result: yes
configure:3846: checking for BSD- or MS-compatible name lister (nm)
configure:3895: result: /usr/bin/nm -B
configure:4013: checking the name lister (/usr/bin/nm -B) interface
configure:4051: gcc -c -g -O2  conftest.c >&5
configure:4054: /usr/bin/nm -B "conftest.o"
configure:4057: output
0000000000000000 B some_variable
configure:4027: result: BSD nm
configure:4030: checking whether ln -s works
configure:4034: result: yes
configure:4042: checking the maximum length of command line arguments
configure:4168: result: 1572864
configure:4185: checking whether the shell understands some XSI constructs
configure:4194: result: yes
configure:4198: checking whether the shell understands "+="
configure:4202: result: yes
configure:4237: checking for /usr/bin/ld option to reload object files
configure:4244: result: -r
configure:4313: checking for objdump
configure:4329: found /usr/bin/objdump
configure:4340: result: objdump
configure:4369: checking how to recognize dependent libraries
configure:4567: result: pass_all
configure:4627: checking for ar
configure:4643: found /usr/bin/ar
configure:4654: result: ar
configure:4732: checking for strip
configure:4748: found /usr/bin/strip
configure:4759: result: strip
configure:4831: checking for ranlib
configure:4847: found /usr/bin/ranlib
configure:4858: result: ranlib
configure:4948: checking command to parse /usr/bin/nm -B output from gcc object
configure:5066: gcc -c -g -O2  conftest.c >&5
configure:5069: $? = 0
configure:5073: /usr/bin/nm -B conftest.o \| sed -n -e 's/^.*[	 ]\([ABCDGIRSTW][ABCDGIRSTW]*\)[	 ][	 ]*\([_A-Za-z][_A-Za-z0-9]*\)$/\1 \2 \2/p' \> conftest.nm
configure:5076: $? = 0
configure:5130: gcc -o conftest -g -O2   conftest.c conftstm.o >&5
configure:5133: $? = 0
configure:5171: result: ok
configure:5267: gcc -c -g -O2  conftest.c >&5
configure:5270: $? = 0
configure:5983: checking how to run the C preprocessor
configure:6014: gcc -E  conftest.c
configure:6014: $? = 0
configure:6028: gcc -E  conftest.c
conftest.c:9:10: fatal error: ac_nonexistent.h: No such file or directory
    9 | #include <ac_nonexistent.h>
      |          ^~~~~~~~~~~~~~~~~~
compilation terminated.
configure:6028: $? = 1
configure: failed program was:
| /* confdefs.h */
| #define PACKAGE_NAME ""
| #define PACKAGE_TARNAME ""
| #define PACKAGE_VERSION ""
| #define PACKAGE_STRING ""
| #define PACKAGE_BUGREPORT ""
| #define PACKAGE_URL ""
| /* end confdefs.h.  */
| #include <ac_nonexistent.h>
configure:6053: result: gcc -E
configure:6073: gcc -E  conftest.c
configure:6073: $? = 0
configure:6087: gcc -E  conftest.c
conftest.c:9:10: fatal error: ac_nonexistent.h: No such file or directory
    9 | #include <ac_nonexistent.h>
      |          ^~~~~~~~~~~~~~~~~~
compilation terminated.
configure:6087: $? = 1
configure: failed program was:
| /* confdefs.h */
| #define PACKAGE_NAME ""
| #define PACKAGE_TARNAME ""
| #define PACKAGE_VERSION ""
| #define PACKAGE_STRING ""
| #define PACKAGE_BUGREPORT ""
| #define PACKAGE_URL ""
| /* end confdefs.h.  */
| #include <ac_nonexistent.h>
configure:6116: checking for ANSI C header files
configure:6136: gcc -c -g -O2  conftest.c >&5
configure:6136: $? = 0
configure:6209: gcc -o conftest -g -O2   conftest.c  >&5
configure:6209: $? = 0
configure:6209: ./conftest
configure:6209: $? = 0
configure:6220: result: yes
configure:6233: checking for sys/types.h
configure:6233: gcc -c -g -O2  conftest.c >&5
configure:6233: $? = 0
configure:6233: result: yes
configure:6233: checking for sys/stat.h
configure:6233: gcc -c -g -O2  conftest.c >&5
configure:6233: $? = 0
configure:6233: result: yes
configure:6233: checking for stdlib.h
configure:6233: gcc -c -g -O2  conftest.c >&5
configure:6233: $? = 0
configure:6233: result: yes
configure:6233: checking for string.h
configure:6233: gcc -c -g -O2  conftest.c >&5
configure:6233: $? = 0
configure:6233: result: yes
configure:6233: checking for memory.h
configure:6233: gcc -c -g -O2  conftest.c >&5
configure:6233: $? = 0
configure:6233: result: yes
configure:6233: checking for strings.h
configure:6233: gcc -c -g -O2  conftest.c >&5
configure:6233: $? = 0
configure:6233: result: yes
configure:6233: checking for inttypes.h
configure:6233: gcc -c -g -O2  conftest.c >&5
configure:6233: $? = 0
configure:6233: result: yes
configure:6233: checking for stdint.h
configure:6233: gcc -c -g -O2  conftest.c >&5
configure:6233: $? = 0
configure:6233: result: yes
configure:6233: checking for unistd.h
configure:6233: gcc -c -g -O2  conftest.c >&5
configure:6233: $? = 0
configure:6233: result: yes
configure:6247: checking for dlfcn.h
configure:6247: gcc -c -g -O2  conftest.c >&5
configure:6247: $? = 0
configure:6247: result: yes
configure:6729: checking for objdir
configure:6744: result: .libs
configure:7040: checking if gcc supports -fno-rtti -fno-exceptions
configure:7098: gcc -c -g -O2  -fno-rtti -fno-exceptions conftest.c >&5
cc1: warning: command line option '-fno-rtti' is valid for C++/D/ObjC++ but not for C
configure:7102: $? = 0
configure:7075: result: no
configure:7095: checking for gcc option to produce PIC
configure:7367: result: -fPIC -DPIC
configure:7379: checking if gcc PIC flag -fPIC -DPIC works
configure:7437: gcc -c -g -O2  -fPIC -DPIC -DPIC conftest.c >&5
configure:7441: $? = 0
configure:7414: result: yes
configure:7438: checking if gcc static flag -static works
configure:7466: result: yes
configure:7481: checking if gcc supports -c -o file.o
configure:7542: gcc -c -g -O2  -o out/conftest2.o conftest.c >&5
configure:7546: $? = 0
configure:7528: result: yes
configure:7536: checking if gcc supports -c -o file.o
configure:7583: result: yes
configure:7616: checking whether the gcc linker (/usr/bin/ld -m elf_x86_64) supports shared libraries
configure:8602: result: yes
configure:8639: checking whether -lc should be explicitly linked in
configure:8644: gcc -c -g -O2  conftest.c >&5
configure:8647: $? = 0
configure:8662: gcc -shared conftest.o  -v -Wl,-soname -Wl,conftest -o conftest 2\>\&1 \| /usr/bin/grep  -lc  \>/dev/null 2\>\&1
configure:8665: $? = 0
configure:8677: result: no
configure:8841: checking dynamic linker characteristics
configure:9276: gcc -o conftest -g -O2   -Wl,-rpath -Wl,/foo conftest.c  >&5
configure:9276: $? = 0
configure:9494: result: GNU/Linux ld.so
configure:9596: checking how to hardcode library paths into programs
configure:9621: result: immediate
configure:10141: checking whether stripping libraries is possible
configure:10146: result: yes
configure:10181: checking if libtool supports shared libraries
configure:10183: result: yes
configure:10186: checking whether to build shared libraries
configure:10207: result: yes
configure:10210: checking whether to build static libraries
configure:10214: result: yes
configure:7561: checking for a BSD-compatible install
configure:7629: result: /usr/bin/install -c
configure:7640: checking whether build environment is sane
configure:7695: result: yes
configure:7841: checking for a thread-safe mkdir -p
configure:7880: result: /usr/bin/mkdir -p
configure:7887: checking for gawk
configure:7917: result: no
configure:7887: checking for mawk
configure:7903: found /usr/bin/mawk
configure:7914: result: mawk
configure:7925: checking whether make sets $(MAKE)
configure:7947: result: yes
configure:7969: checking whether make supports the include directive
configure:7984: make -f confmf.GNU && cat confinc.out
this is the am__doit target
configure:7987: $? = 0
configure:8006: result: yes (GNU style)
configure:8039: checking whether make supports nested variables
configure:8056: result: yes
configure:8142: checking dependency style of gcc
configure:8253: result: gcc3
configure:8361: checking for gcc
configure:8388: result: gcc
configure:8617: checking for C compiler version
configure:8626: gcc --version >&5
gcc (Ubuntu 9.3.0-17ubuntu1~20.04) 9.3.0
Copyright (C) 2019 Free Software Foundation, Inc.
This is free software; see the source for copying conditions.  There is NO
warranty; not even for MERCHANTABILITY or FITNESS FOR A PARTICULAR PURPOSE.

configure:8637: $? = 0
configure:8626: gcc -v >&5
Using built-in specs.
COLLECT_GCC=gcc
COLLECT_LTO_WRAPPER=/usr/lib/gcc/x86_64-linux-gnu/9/lto-wrapper
OFFLOAD_TARGET_NAMES=nvptx-none:hsa
OFFLOAD_TARGET_DEFAULT=1
Target: x86_64-linux-gnu
Configured with: ../src/configure -v --with-pkgversion='Ubuntu 9.3.0-17ubuntu1~20.04' --with-bugurl=file:///usr/share/doc/gcc-9/README.Bugs --enable-languages=c,ada,c++,go,brig,d,fortran,objc,obj-c++,gm2 --prefix=/usr --with-gcc-major-version-only --program-suffix=-9 --program-prefix=x86_64-linux-gnu- --enable-shared --enable-linker-build-id --libexecdir=/usr/lib --without-included-gettext --enable-threads=posix --libdir=/usr/lib --enable-nls --enable-clocale=gnu --enable-libstdcxx-debug --enable-libstdcxx-time=yes --with-default-libstdcxx-abi=new --enable-gnu-unique-object --disable-vtable-verify --enable-plugin --enable-default-pie --with-system-zlib --with-target-system-zlib=auto --enable-objc-gc=auto --enable-multiarch --disable-werror --with-arch-32=i686 --with-abi=m64 --with-multilib-list=m32,m64,mx32 --enable-multilib --with-tune=generic --enable-offload-targets=nvptx-none=/build/gcc-9-HskZEa/gcc-9-9.3.0/debian/tmp-nvptx/usr,hsa --without-cuda-driver --enable-checking=release --build=x86_64-linux-gnu --host=x86_64-linux-gnu --target=x86_64-linux-gnu
Thread model: posix
gcc version 9.3.0 (Ubuntu 9.3.0-17ubuntu1~20.04) 
configure:8637: $? = 0
configure:8626: gcc -V >&5
gcc: error: unrecognized command line option '-V'
gcc: fatal error: no input files
compilation terminated.
configure:8637: $? = 1
configure:8626: gcc -qversion >&5
gcc: error: unrecognized command line option '-qversion'; did you mean '--version'?
gcc: fatal error: no input files
compilation terminated.
configure:8637: $? = 1
configure:8641: checking whether we are using the GNU C compiler
configure:8669: result: yes
configure:8678: checking whether gcc accepts -g
configure:8739: result: yes
configure:8756: checking for gcc option to accept ISO C89
configure:8832: result: none needed
configure:8857: checking whether gcc understands -c and -o together
configure:8894: result: yes
configure:8965: checking for gcc
configure:8981: found /usr/bin/gcc
configure:8992: result: gcc
configure:9017: checking for Objective C compiler version
configure:9026: gcc --version >&5
gcc (Ubuntu 9.3.0-17ubuntu1~20.04) 9.3.0
Copyright (C) 2019 Free Software Foundation, Inc.
This is free software; see the source for copying conditions.  There is NO
warranty; not even for MERCHANTABILITY or FITNESS FOR A PARTICULAR PURPOSE.

configure:9037: $? = 0
configure:9026: gcc -v >&5
Using built-in specs.
COLLECT_GCC=gcc
COLLECT_LTO_WRAPPER=/usr/lib/gcc/x86_64-linux-gnu/9/lto-wrapper
OFFLOAD_TARGET_NAMES=nvptx-none:hsa
OFFLOAD_TARGET_DEFAULT=1
Target: x86_64-linux-gnu
Configured with: ../src/configure -v --with-pkgversion='Ubuntu 9.3.0-17ubuntu1~20.04' --with-bugurl=file:///usr/share/doc/gcc-9/README.Bugs --enable-languages=c,ada,c++,go,brig,d,fortran,objc,obj-c++,gm2 --prefix=/usr --with-gcc-major-version-only --program-suffix=-9 --program-prefix=x86_64-linux-gnu- --enable-shared --enable-linker-build-id --libexecdir=/usr/lib --without-included-gettext --enable-threads=posix --libdir=/usr/lib --enable-nls --enable-clocale=gnu --enable-libstdcxx-debug --enable-libstdcxx-time=yes --with-default-libstdcxx-abi=new --enable-gnu-unique-object --disable-vtable-verify --enable-plugin --enable-default-pie --with-system-zlib --with-target-system-zlib=auto --enable-objc-gc=auto --enable-multiarch --disable-werror --with-arch-32=i686 --with-abi=m64 --with-multilib-list=m32,m64,mx32 --enable-multilib --with-tune=generic --enable-offload-targets=nvptx-none=/build/gcc-9-HskZEa/gcc-9-9.3.0/debian/tmp-nvptx/usr,hsa --without-cuda-driver --enable-checking=release --build=x86_64-linux-gnu --host=x86_64-linux-gnu --target=x86_64-linux-gnu
Thread model: posix
gcc version 9.3.0 (Ubuntu 9.3.0-17ubuntu1~20.04) 
configure:9037: $? = 0
configure:9026: gcc -V >&5
gcc: error: unrecognized command line option '-V'
gcc: fatal error: no input files
compilation terminated.
configure:9037: $? = 1
configure:9026: gcc -qversion >&5
gcc: error: unrecognized command line option '-qversion'; did you mean '--version'?
gcc: fatal error: no input files
compilation terminated.
configure:9037: $? = 1
configure:9041: checking whether we are using the GNU Objective C compiler
configure:9060: gcc -c   conftest.m >&5
gcc: fatal error: cannot execute 'cc1obj': execvp: No such file or directory
compilation terminated.
configure:9060: $? = 1
configure: failed program was:
| /* confdefs.h */
| #define PACKAGE_NAME ""
| #define PACKAGE_TARNAME ""
| #define PACKAGE_VERSION ""
| #define PACKAGE_STRING ""
| #define PACKAGE_BUGREPORT ""
| #define PACKAGE_URL ""
| #define STDC_HEADERS 1
| #define HAVE_SYS_TYPES_H 1
| #define HAVE_SYS_STAT_H 1
| #define HAVE_STDLIB_H 1
| #define HAVE_STRING_H 1
| #define HAVE_MEMORY_H 1
| #define HAVE_STRINGS_H 1
| #define HAVE_INTTYPES_H 1
| #define HAVE_STDINT_H 1
| #define HAVE_UNISTD_H 1
| #define HAVE_DLFCN_H 1
| #define LT_OBJDIR ".libs/"
| #define PACKAGE "SDL2_image"
| #define VERSION "2.0.5"
| /* end confdefs.h.  */
| 
| int
| main ()
| {
| #ifndef __GNUC__
|        choke me
| #endif
| 
|   ;
|   return 0;
| }
configure:9069: result: no
configure:9078: checking whether gcc accepts -g
configure:9098: gcc -c -g  conftest.m >&5
gcc: fatal error: cannot execute 'cc1obj': execvp: No such file or directory
compilation terminated.
configure:9098: $? = 1
configure: failed program was:
| /* confdefs.h */
| #define PACKAGE_NAME ""
| #define PACKAGE_TARNAME ""
| #define PACKAGE_VERSION ""
| #define PACKAGE_STRING ""
| #define PACKAGE_BUGREPORT ""
| #define PACKAGE_URL ""
| #define STDC_HEADERS 1
| #define HAVE_SYS_TYPES_H 1
| #define HAVE_SYS_STAT_H 1
| #define HAVE_STDLIB_H 1
| #define HAVE_STRING_H 1
| #define HAVE_MEMORY_H 1
| #define HAVE_STRINGS_H 1
| #define HAVE_INTTYPES_H 1
| #define HAVE_STDINT_H 1
| #define HAVE_UNISTD_H 1
| #define HAVE_DLFCN_H 1
| #define LT_OBJDIR ".libs/"
| #define PACKAGE "SDL2_image"
| #define VERSION "2.0.5"
| /* end confdefs.h.  */
| 
| int
| main ()
| {
| 
|   ;
|   return 0;
| }
configure:9113: gcc -c   conftest.m >&5
gcc: fatal error: cannot execute 'cc1obj': execvp: No such file or directory
compilation terminated.
configure:9113: $? = 1
configure: failed program was:
| /* confdefs.h */
| #define PACKAGE_NAME ""
| #define PACKAGE_TARNAME ""
| #define PACKAGE_VERSION ""
| #define PACKAGE_STRING ""
| #define PACKAGE_BUGREPORT ""
| #define PACKAGE_URL ""
| #define STDC_HEADERS 1
| #define HAVE_SYS_TYPES_H 1
| #define HAVE_SYS_STAT_H 1
| #define HAVE_STDLIB_H 1
| #define HAVE_STRING_H 1
| #define HAVE_MEMORY_H 1
| #define HAVE_STRINGS_H 1
| #define HAVE_INTTYPES_H 1
| #define HAVE_STDINT_H 1
| #define HAVE_UNISTD_H 1
| #define HAVE_DLFCN_H 1
| #define LT_OBJDIR ".libs/"
| #define PACKAGE "SDL2_image"
| #define VERSION "2.0.5"
| /* end confdefs.h.  */
| 
| int
| main ()
| {
| 
|   ;
|   return 0;
| }
configure:9129: gcc -c -g  conftest.m >&5
gcc: fatal error: cannot execute 'cc1obj': execvp: No such file or directory
compilation terminated.
configure:9129: $? = 1
configure: failed program was:
| /* confdefs.h */
| #define PACKAGE_NAME ""
| #define PACKAGE_TARNAME ""
| #define PACKAGE_VERSION ""
| #define PACKAGE_STRING ""
| #define PACKAGE_BUGREPORT ""
| #define PACKAGE_URL ""
| #define STDC_HEADERS 1
| #define HAVE_SYS_TYPES_H 1
| #define HAVE_SYS_STAT_H 1
| #define HAVE_STDLIB_H 1
| #define HAVE_STRING_H 1
| #define HAVE_MEMORY_H 1
| #define HAVE_STRINGS_H 1
| #define HAVE_INTTYPES_H 1
| #define HAVE_STDINT_H 1
| #define HAVE_UNISTD_H 1
| #define HAVE_DLFCN_H 1
| #define LT_OBJDIR ".libs/"
| #define PACKAGE "SDL2_image"
| #define VERSION "2.0.5"
| /* end confdefs.h.  */
| 
| int
| main ()
| {
| 
|   ;
|   return 0;
| }
configure:9139: result: no
configure:9164: checking dependency style of gcc
configure:9273: result: gcc3
configure:9288: checking for inline
configure:9304: gcc -c -g -O2  conftest.c >&5
configure:9304: $? = 0
configure:9312: result: inline
configure:9331: checking whether make sets $(MAKE)
configure:9353: result: yes
configure:9371: checking for windres
configure:9401: result: no
configure:9371: checking for linux-gnu-windres
configure:9401: result: no
configure:9536: checking for pkg-config
configure:9554: found /usr/bin/pkg-config
configure:9566: result: /usr/bin/pkg-config
configure:9591: checking pkg-config is at least version 0.9.0
configure:9594: result: yes
configure:9632: checking for SDL
configure:9640: $PKG_CONFIG --exists --print-errors "sdl2 >= $min_sdl_version"
configure:9643: $? = 0
configure:9658: $PKG_CONFIG --exists --print-errors "sdl2 >= $min_sdl_version"
configure:9661: $? = 0
configure:9697: result: yes
configure:10076: checking jpeglib.h usability
configure:10076: gcc -c -g -O2 -D_REENTRANT -I/usr/local/include/SDL2  conftest.c >&5
configure:10076: $? = 0
configure:10076: result: yes
configure:10076: checking jpeglib.h presence
configure:10076: gcc -E  conftest.c
configure:10076: $? = 0
configure:10076: result: yes
configure:10076: checking for jpeglib.h
configure:10076: result: yes
configure:10082: checking for jpeg_CreateDecompress in -ljpeg
configure:10107: gcc -o conftest -g -O2 -D_REENTRANT -I/usr/local/include/SDL2   conftest.c -ljpeg   -L/usr/local/lib -Wl,-rpath,/usr/local/lib -Wl,--enable-new-dtags -lSDL2 >&5
configure:10107: $? = 0
configure:10116: result: yes
configure:10154: checking for LIBPNG
configure:10162: $PKG_CONFIG --exists --print-errors "libpng"
configure:10165: $? = 0
configure:10180: $PKG_CONFIG --exists --print-errors "libpng"
configure:10183: $? = 0
configure:10323: result: yes
configure:10356: checking tiffio.h usability
configure:10356: gcc -c -g -O2 -D_REENTRANT -I/usr/local/include/SDL2  conftest.c >&5
configure:10356: $? = 0
configure:10356: result: yes
configure:10356: checking tiffio.h presence
configure:10356: gcc -E  conftest.c
configure:10356: $? = 0
configure:10356: result: yes
configure:10356: checking for tiffio.h
configure:10356: result: yes
configure:10362: checking for TIFFClientOpen in -ltiff
configure:10387: gcc -o conftest -g -O2 -D_REENTRANT -I/usr/local/include/SDL2   conftest.c -ltiff -lz -ljpeg  -L/usr/local/lib -Wl,-rpath,/usr/local/lib -Wl,--enable-new-dtags -lSDL2 >&5
configure:10387: $? = 0
configure:10396: result: yes
configure:10431: checking for LIBWEBP
configure:10439: $PKG_CONFIG --exists --print-errors "libwebp"
configure:10442: $? = 0
configure:10457: $PKG_CONFIG --exists --print-errors "libwebp"
configure:10460: $? = 0
configure:10600: result: yes
configure:10881: checking that generated files are newer than configure
configure:10887: result: done
configure:10922: creating ./config.status

## ---------------------- ##
## Running config.status. ##
## ---------------------- ##

This file was extended by config.status, which was
generated by GNU Autoconf 2.69.  Invocation command line was

  CONFIG_FILES    = 
  CONFIG_HEADERS  = 
  CONFIG_LINKS    = 
  CONFIG_COMMANDS = 
  $ ./config.status 

on farwila-VirtualBox

config.status:1020: creating Makefile
config.status:1020: creating SDL2_image.spec
config.status:1020: creating SDL2_image.pc
config.status:1177: executing libtool commands
config.status:1177: executing depfiles commands
config.status:1895: cd .       && sed -e '/# am--include-marker/d' Makefile         | make -f - am--depfiles
config.status:1900: $? = 0

## ---------------- ##
## Cache variables. ##
## ---------------- ##

ac_cv_build=x86_64-pc-linux-gnu
ac_cv_c_compiler_gnu=yes
ac_cv_c_inline=inline
ac_cv_env_CC_set=
ac_cv_env_CC_value=
ac_cv_env_CFLAGS_set=
ac_cv_env_CFLAGS_value=
ac_cv_env_CPPFLAGS_set=
ac_cv_env_CPPFLAGS_value=
ac_cv_env_CPP_set=
ac_cv_env_CPP_value=
ac_cv_env_LDFLAGS_set=
ac_cv_env_LDFLAGS_value=
ac_cv_env_LIBPNG_CFLAGS_set=
ac_cv_env_LIBPNG_CFLAGS_value=
ac_cv_env_LIBPNG_LIBS_set=
ac_cv_env_LIBPNG_LIBS_value=
ac_cv_env_LIBS_set=
ac_cv_env_LIBS_value=
ac_cv_env_LIBWEBP_CFLAGS_set=
ac_cv_env_LIBWEBP_CFLAGS_value=
ac_cv_env_LIBWEBP_LIBS_set=
ac_cv_env_LIBWEBP_LIBS_value=
ac_cv_env_OBJCFLAGS_set=
ac_cv_env_OBJCFLAGS_value=
ac_cv_env_OBJC_set=
ac_cv_env_OBJC_value=
ac_cv_env_PKG_CONFIG_set=
ac_cv_env_PKG_CONFIG_value=
ac_cv_env_SDL_CFLAGS_set=
ac_cv_env_SDL_CFLAGS_value=
ac_cv_env_SDL_LIBS_set=
ac_cv_env_SDL_LIBS_value=
ac_cv_env_build_alias_set=
ac_cv_env_build_alias_value=
ac_cv_env_host_alias_set=
ac_cv_env_host_alias_value=
ac_cv_env_target_alias_set=
ac_cv_env_target_alias_value=
ac_cv_header_dlfcn_h=yes
ac_cv_header_inttypes_h=yes
ac_cv_header_jpeglib_h=yes
ac_cv_header_memory_h=yes
ac_cv_header_stdc=yes
ac_cv_header_stdint_h=yes
ac_cv_header_stdlib_h=yes
ac_cv_header_string_h=yes
ac_cv_header_strings_h=yes
ac_cv_header_sys_stat_h=yes
ac_cv_header_sys_types_h=yes
ac_cv_header_tiffio_h=yes
ac_cv_header_unistd_h=yes
ac_cv_host=x86_64-pc-linux-gnu
ac_cv_lib_jpeg_jpeg_CreateDecompress=yes
ac_cv_lib_tiff_TIFFClientOpen=yes
ac_cv_objc_compiler_gnu=no
ac_cv_objext=o
ac_cv_path_EGREP='/usr/bin/grep -E'
ac_cv_path_FGREP='/usr/bin/grep -F'
ac_cv_path_GREP=/usr/bin/grep
ac_cv_path_SED=/usr/bin/sed
ac_cv_path_ac_pt_PKG_CONFIG=/usr/bin/pkg-config
ac_cv_path_install='/usr/bin/install -c'
ac_cv_path_mkdir=/usr/bin/mkdir
ac_cv_prog_AWK=mawk
ac_cv_prog_CPP='gcc -E'
ac_cv_prog_ac_ct_AR=ar
ac_cv_prog_ac_ct_CC=gcc
ac_cv_prog_ac_ct_OBJC=gcc
ac_cv_prog_ac_ct_OBJDUMP=objdump
ac_cv_prog_ac_ct_RANLIB=ranlib
ac_cv_prog_ac_ct_STRIP=strip
ac_cv_prog_cc_c89=
ac_cv_prog_cc_g=yes
ac_cv_prog_make_make_set=yes
ac_cv_prog_objc_g=no
am_cv_CC_dependencies_compiler_type=gcc3
am_cv_OBJC_dependencies_compiler_type=gcc3
am_cv_make_support_nested_variables=yes
am_cv_prog_cc_c_o=yes
lt_cv_deplibs_check_method=pass_all
lt_cv_file_magic_cmd='$MAGIC_CMD'
lt_cv_file_magic_test_file=
lt_cv_ld_reload_flag=-r
lt_cv_nm_interface='BSD nm'
lt_cv_objdir=.libs
lt_cv_path_LD=/usr/bin/ld
lt_cv_path_NM='/usr/bin/nm -B'
lt_cv_prog_compiler_c_o=yes
lt_cv_prog_compiler_pic_works=yes
lt_cv_prog_compiler_rtti_exceptions=no
lt_cv_prog_compiler_static_works=yes
lt_cv_prog_gnu_ld=yes
lt_cv_sys_global_symbol_pipe='sed -n -e '\''s/^.*[	 ]\([ABCDGIRSTW][ABCDGIRSTW]*\)[	 ][	 ]*\([_A-Za-z][_A-Za-z0-9]*\)$/\1 \2 \2/p'\'''
lt_cv_sys_global_symbol_to_c_name_address='sed -n -e '\''s/^: \([^ ]*\) $/  {\"\1\", (void *) 0},/p'\'' -e '\''s/^[ABCDGIRSTW]* \([^ ]*\) \([^ ]*\)$/  {"\2", (void *) \&\2},/p'\'''
lt_cv_sys_global_symbol_to_c_name_address_lib_prefix='sed -n -e '\''s/^: \([^ ]*\) $/  {\"\1\", (void *) 0},/p'\'' -e '\''s/^[ABCDGIRSTW]* \([^ ]*\) \(lib[^ ]*\)$/  {"\2", (void *) \&\2},/p'\'' -e '\''s/^[ABCDGIRSTW]* \([^ ]*\) \([^ ]*\)$/  {"lib\2", (void *) \&\2},/p'\'''
lt_cv_sys_global_symbol_to_cdecl='sed -n -e '\''s/^T .* \(.*\)$/extern int \1();/p'\'' -e '\''s/^[ABCDGIRSTW]* .* \(.*\)$/extern char \1;/p'\'''
lt_cv_sys_max_cmd_len=1572864
pkg_cv_LIBPNG_CFLAGS=-I/usr/include/libpng16
pkg_cv_LIBPNG_LIBS='-lpng16 -lz'
pkg_cv_LIBWEBP_CFLAGS=
pkg_cv_LIBWEBP_LIBS=-lwebp
pkg_cv_SDL_CFLAGS='-D_REENTRANT -I/usr/local/include/SDL2'
pkg_cv_SDL_LIBS='-L/usr/local/lib -Wl,-rpath,/usr/local/lib -Wl,--enable-new-dtags -lSDL2'

## ----------------- ##
## Output variables. ##
## ----------------- ##

ACLOCAL='${SHELL} /home/farwila/Desktop/Rt/SDL/SDL2_image-2.0.5/missing aclocal-1.16'
AMDEPBACKSLASH='\'
AMDEP_FALSE='#'
AMDEP_TRUE=''
AMTAR='$${TAR-tar}'
AM_BACKSLASH='\'
AM_DEFAULT_V='$(AM_DEFAULT_VERBOSITY)'
AM_DEFAULT_VERBOSITY='1'
AM_V='$(V)'
AR='ar'
AS='as'
AUTOCONF='${SHELL} /home/farwila/Desktop/Rt/SDL/SDL2_image-2.0.5/missing autoconf'
AUTOHEADER='${SHELL} /home/farwila/Desktop/Rt/SDL/SDL2_image-2.0.5/missing autoheader'
AUTOMAKE='${SHELL} /home/farwila/Desktop/Rt/SDL/SDL2_image-2.0.5/missing automake-1.16'
AWK='mawk'
BINARY_AGE='5'
CC='gcc'
CCDEPMODE='depmode=gcc3'
CFLAGS='-I/usr/include/libpng16  -g -O2 -D_REENTRANT -I/usr/local/include/SDL2'
CPP='gcc -E'
CPPFLAGS=''
CYGPATH_W='echo'
DEFS='-DPACKAGE_NAME=\"\" -DPACKAGE_TARNAME=\"\" -DPACKAGE_VERSION=\"\" -DPACKAGE_STRING=\"\" -DPACKAGE_BUGREPORT=\"\" -DPACKAGE_URL=\"\" -DSTDC_HEADERS=1 -DHAVE_SYS_TYPES_H=1 -DHAVE_SYS_STAT_H=1 -DHAVE_STDLIB_H=1 -DHAVE_STRING_H=1 -DHAVE_MEMORY_H=1 -DHAVE_STRINGS_H=1 -DHAVE_INTTYPES_H=1 -DHAVE_STDINT_H=1 -DHAVE_UNISTD_H=1 -DHAVE_DLFCN_H=1 -DLT_OBJDIR=\".libs/\" -DPACKAGE=\"SDL2_image\" -DVERSION=\"2.0.5\" -DLOAD_JPG=1 -DLOAD_PNG=1 -DLOAD_TIF=1 -DLOAD_WEBP=1 -DLOAD_BMP=1 -DLOAD_GIF=1 -DLOAD_LBM=1 -DLOAD_PCX=1 -DLOAD_PNM=1 -DLOAD_SVG=1 -DLOAD_TGA=1 -DLOAD_XCF=1 -DLOAD_XPM=1 -DLOAD_XV=1 -DLOAD_WEBP_DYNAMIC=\"libwebp.so.6\" -DLOAD_TIF_DYNAMIC=\"libtiff.so.5\" -DLOAD_JPG_DYNAMIC=\"libjpeg.so.8\" -DLOAD_PNG_DYNAMIC=\"libpng16.so.16\"'
DEPDIR='.deps'
DLLTOOL='dlltool'
DSYMUTIL=''
DUMPBIN=''
ECHO_C=''
ECHO_N='-n'
ECHO_T=''
EGREP='/usr/bin/grep -E'
EXEEXT=''
FGREP='/usr/bin/grep -F'
GREP='/usr/bin/grep'
IMG_LIBS=''
INSTALL_DATA='${INSTALL} -m 644'
INSTALL_PROGRAM='${INSTALL}'
INSTALL_SCRIPT='${INSTALL}'
INSTALL_STRIP_PROGRAM='$(install_sh) -c -s'
INTERFACE_AGE='3'
LD='/usr/bin/ld -m elf_x86_64'
LDFLAGS=''
LIBOBJS=''
LIBPNG_CFLAGS='-I/usr/include/libpng16'
LIBPNG_LIBS='-lpng16 -lz'
LIBS=' -L/usr/local/lib -Wl,-rpath,/usr/local/lib -Wl,--enable-new-dtags -lSDL2'
LIBTOOL='$(SHELL) $(top_builddir)/libtool'
LIBWEBP_CFLAGS=''
LIBWEBP_LIBS='-lwebp'
LIPO=''
LN_S='ln -s'
LTLIBOBJS=''
LT_AGE='2'
LT_CURRENT='2'
LT_RELEASE='2.0'
LT_REVISION='3'
MAJOR_VERSION='2'
MAKEINFO='${SHELL} /home/farwila/Desktop/Rt/SDL/SDL2_image-2.0.5/missing makeinfo'
MICRO_VERSION='5'
MINOR_VERSION='0'
MKDIR_P='/usr/bin/mkdir -p'
NM='/usr/bin/nm -B'
NMEDIT=''
OBJC='gcc'
OBJCDEPMODE='depmode=gcc3'
OBJCFLAGS='-I/usr/include/libpng16  -g -O2 -D_REENTRANT -I/usr/local/include/SDL2'
OBJDUMP='objdump'
OBJEXT='o'
OTOOL64=''
OTOOL=''
PACKAGE='SDL2_image'
PACKAGE_BUGREPORT=''
PACKAGE_NAME=''
PACKAGE_STRING=''
PACKAGE_TARNAME=''
PACKAGE_URL=''
PACKAGE_VERSION=''
PATH_SEPARATOR=':'
PKG_CONFIG='/usr/bin/pkg-config'
RANLIB='ranlib'
SDL2_CONFIG='pkg-config sdl2'
SDL_CFLAGS='-D_REENTRANT -I/usr/local/include/SDL2'
SDL_LIBS='-L/usr/local/lib -Wl,-rpath,/usr/local/lib -Wl,--enable-new-dtags -lSDL2'
SDL_VERSION='2.0.8'
SED='/usr/bin/sed'
SET_MAKE=''
SHELL='/bin/bash'
STRIP='strip'
USE_IMAGEIO_FALSE=''
USE_IMAGEIO_TRUE='#'
USE_VERSION_RC_FALSE=''
USE_VERSION_RC_TRUE='#'
VERSION='2.0.5'
WINDRES=''
ac_ct_CC='gcc'
ac_ct_DUMPBIN=''
ac_ct_OBJC='gcc'
am__EXEEXT_FALSE=''
am__EXEEXT_TRUE='#'
am__fastdepCC_FALSE='#'
am__fastdepCC_TRUE=''
am__fastdepOBJC_FALSE='#'
am__fastdepOBJC_TRUE=''
am__include='include'
am__isrc=' -I$(srcdir)'
am__leading_dot='.'
am__nodep='_no'
am__quote=''
am__tar='$${TAR-tar} chof - "$$tardir"'
am__untar='$${TAR-tar} xf -'
bindir='${exec_prefix}/bin'
build='x86_64-pc-linux-gnu'
build_alias=''
build_cpu='x86_64'
build_os='linux-gnu'
build_vendor='pc'
datadir='${datarootdir}'
datarootdir='${prefix}/share'
docdir='${datarootdir}/doc/${PACKAGE}'
dvidir='${docdir}'
exec_prefix='${prefix}'
host='x86_64-pc-linux-gnu'
host_alias=''
host_cpu='x86_64'
host_os='linux-gnu'
host_vendor='pc'
htmldir='${docdir}'
includedir='${prefix}/include'
infodir='${datarootdir}/info'
install_sh='${SHELL} /home/farwila/Desktop/Rt/SDL/SDL2_image-2.0.5/install-sh'
libdir='${exec_prefix}/lib'
libexecdir='${exec_prefix}/libexec'
localedir='${datarootdir}/locale'
localstatedir='${prefix}/var'
lt_ECHO='echo'
mandir='${datarootdir}/man'
mkdir_p='$(MKDIR_P)'
oldincludedir='/usr/include'
pdfdir='${docdir}'
prefix='/usr/local'
program_transform_name='s,x,x,'
psdir='${docdir}'
sbindir='${exec_prefix}/sbin'
sharedstatedir='${prefix}/com'
sysconfdir='${prefix}/etc'
target_alias=''

## ----------- ##
## confdefs.h. ##
## ----------- ##

/* confdefs.h */
#define PACKAGE_NAME ""
#define PACKAGE_TARNAME ""
#define PACKAGE_VERSION ""
#define PACKAGE_STRING ""
#define PACKAGE_BUGREPORT ""
#define PACKAGE_URL ""
#define STDC_HEADERS 1
#define HAVE_SYS_TYPES_H 1
#define HAVE_SYS_STAT_H 1
#define HAVE_STDLIB_H 1
#define HAVE_STRING_H 1
#define HAVE_MEMORY_H 1
#define HAVE_STRINGS_H 1
#define HAVE_INTTYPES_H 1
#define HAVE_STDINT_H 1
#define HAVE_UNISTD_H 1
#define HAVE_DLFCN_H 1
#define LT_OBJDIR ".libs/"
#define PACKAGE "SDL2_image"
#define VERSION "2.0.5"
#define LOAD_JPG 1
#define LOAD_PNG 1
#define LOAD_TIF 1
#define LOAD_WEBP 1
#define LOAD_BMP 1
#define LOAD_GIF 1
#define LOAD_LBM 1
#define LOAD_PCX 1
#define LOAD_PNM 1
#define LOAD_SVG 1
#define LOAD_TGA 1
#define LOAD_XCF 1
#define LOAD_XPM 1
#define LOAD_XV 1
#define LOAD_WEBP_DYNAMIC "libwebp.so.6"
#define LOAD_TIF_DYNAMIC "libtiff.so.5"
#define LOAD_JPG_DYNAMIC "libjpeg.so.8"
#define LOAD_PNG_DYNAMIC "libpng16.so.16"

configure: exit 0
